info it worked if it ends with ok
verbose cli [ 'node', '/usr/local/bin/npm', 'install', 'karma@0.9', '-g' ]
info using npm@1.1.0-3
info using node@v0.6.9
verbose config file /Users/fla/.npmrc
verbose config file /usr/local/etc/npmrc
verbose config file /usr/local/lib/node_modules/npm/npmrc
verbose cache add [ 'karma@0.9', null ]
silly cache add: name, spec, args [ undefined, 'karma@0.9', [ 'karma@0.9', null ] ]
verbose parsed url { pathname: 'karma@0.9', path: 'karma@0.9', href: 'karma@0.9' }
silly cache add: name, spec, args [ 'karma', '0.9', [ 'karma', '0.9' ] ]
verbose parsed url { pathname: '0.9', path: '0.9', href: '0.9' }
verbose addNamed [ 'karma', '0.9' ]
verbose addNamed [ null, '>=0.9.0- <0.10.0-' ]
silly name, range, hasData [ 'karma', '>=0.9.0- <0.10.0-', false ]
verbose raw, before any munging karma
verbose url resolving [ 'https://registry.npmjs.org/', './karma' ]
verbose url resolved https://registry.npmjs.org/karma
http GET https://registry.npmjs.org/karma
http 200 https://registry.npmjs.org/karma
silly get cb [ 200,
silly get cb   { vary: 'Accept',
silly get cb     server: 'CouchDB/1.3.0 (Erlang OTP/R15B03)',
silly get cb     etag: '"E81CHKLDDF6QMSA738WLQDNAW"',
silly get cb     date: 'Wed, 15 May 2013 11:01:04 GMT',
silly get cb     'content-type': 'application/json',
silly get cb     'content-length': '114024' } ]
verbose mkdir (expected) error ENOENT, no such file or directory '/Users/fla/.npm/karma'
verbose mkdir done: /Users/fla/.npm/karma 755
silly name, range, hasData 2 [ 'karma', '>=0.9.0- <0.10.0-', true ]
silly versions [ 'karma', [] ]
ERR! Error: No compatible version found: karma@'>=0.9.0- <0.10.0-'
ERR! No valid targets found.
ERR! Perhaps not compatible with your version of node?
ERR!     at installTargetsError (/usr/local/lib/node_modules/npm/lib/cache.js:488:10)
ERR!     at next_ (/usr/local/lib/node_modules/npm/lib/cache.js:438:17)
ERR!     at next (/usr/local/lib/node_modules/npm/lib/cache.js:415:44)
ERR!     at /usr/local/lib/node_modules/npm/lib/cache.js:408:5
ERR!     at saved (/usr/local/lib/node_modules/npm/lib/utils/npm-registry-client/get.js:147:7)
ERR!     at Object.oncomplete (/usr/local/lib/node_modules/npm/node_modules/graceful-fs/graceful-fs.js:231:7)
ERR! You may report this log at:
ERR!     <http://github.com/isaacs/npm/issues>
ERR! or email it to:
ERR!     <npm-@googlegroups.com>
ERR! 
ERR! System Darwin 12.3.0
ERR! command "node" "/usr/local/bin/npm" "install" "karma@0.9" "-g"
ERR! cwd /Users/fla/git/web/ui
ERR! node -v v0.6.9
ERR! npm -v 1.1.0-3
ERR! message No compatible version found: karma@'>=0.9.0- <0.10.0-'
ERR! message No valid targets found.
ERR! message Perhaps not compatible with your version of node?
verbose exit [ 1, true ]
